<?xml version="1.0" encoding="UTF-8"?>
<!-- Generated by org.testng.reporters.JUnitXMLReporter -->
<testsuite hostname="Alberts-MacBook-Pro.local" name="Test2" tests="4" failures="1" timestamp="23 Jul 2018 21:58:54 GMT" time="5.425" errors="0">
  <testcase name="selectSize" time="5.159" classname="automaion.test.CanUserSelectSizeFromDropDown"/>
  <testcase name="failTest" time="0.003" classname="automaion.test.CanUserSelectSizeFromDropDown">
    <failure type="java.lang.AssertionError" message="expected [true] but found [false]">
      <![CDATA[java.lang.AssertionError: expected [true] but found [false]
	at automaion.test.StartBrowserWithReport.failTest(StartBrowserWithReport.java:122)
... Removed 31 stack frames]]>
    </failure>
  </testcase> <!-- failTest -->
  <testcase name="passTest" time="0.001" classname="automaion.test.CanUserSelectSizeFromDropDown"/>
  <testcase name="skipTest" time="0.0" classname="automaion.test.CanUserSelectSizeFromDropDown">
    <skipped/>
  </testcase> <!-- skipTest -->
</testsuite> <!-- Test2 -->
