<?xml version="1.0" encoding="UTF-8"?>
<testng-results skipped="4" failed="2" total="8" passed="2">
  <reporter-output>
  </reporter-output>
  <suite name="Suite" duration-ms="5465" started-at="2018-07-23T21:58:48Z" finished-at="2018-07-23T21:58:54Z">
    <groups>
    </groups>
    <test name="Test1" duration-ms="22" started-at="2018-07-23T21:58:48Z" finished-at="2018-07-23T21:58:48Z">
      <class name="automaion.test.CanUserSelectPackVariation">
        <test-method status="FAIL" signature="selectSize()[pri:0, instance:automaion.test.CanUserSelectPackVariation@59e84876]" name="selectSize" duration-ms="0" started-at="2018-07-23T17:58:48Z" finished-at="2018-07-23T17:58:48Z">
          <exception class="java.lang.NullPointerException">
            <full-stacktrace>
              <![CDATA[java.lang.NullPointerException
	at automaion.test.CanUserSelectPackVariation.selectSize(CanUserSelectPackVariation.java:19)
	at sun.reflect.NativeMethodAccessorImpl.invoke0(Native Method)
	at sun.reflect.NativeMethodAccessorImpl.invoke(NativeMethodAccessorImpl.java:62)
	at sun.reflect.DelegatingMethodAccessorImpl.invoke(DelegatingMethodAccessorImpl.java:43)
	at java.lang.reflect.Method.invoke(Method.java:498)
	at org.testng.internal.MethodInvocationHelper.invokeMethod(MethodInvocationHelper.java:85)
	at org.testng.internal.Invoker.invokeMethod(Invoker.java:639)
	at org.testng.internal.Invoker.invokeTestMethod(Invoker.java:816)
	at org.testng.internal.Invoker.invokeTestMethods(Invoker.java:1124)
	at org.testng.internal.TestMethodWorker.invokeTestMethods(TestMethodWorker.java:125)
	at org.testng.internal.TestMethodWorker.run(TestMethodWorker.java:108)
	at org.testng.TestRunner.privateRun(TestRunner.java:774)
	at org.testng.TestRunner.run(TestRunner.java:624)
	at org.testng.SuiteRunner.runTest(SuiteRunner.java:359)
	at org.testng.SuiteRunner.runSequentially(SuiteRunner.java:354)
	at org.testng.SuiteRunner.privateRun(SuiteRunner.java:312)
	at org.testng.SuiteRunner.run(SuiteRunner.java:261)
	at org.testng.SuiteRunnerWorker.runSuite(SuiteRunnerWorker.java:52)
	at org.testng.SuiteRunnerWorker.run(SuiteRunnerWorker.java:86)
	at org.testng.TestNG.runSuitesSequentially(TestNG.java:1215)
	at org.testng.TestNG.runSuitesLocally(TestNG.java:1140)
	at org.testng.TestNG.run(TestNG.java:1048)
	at org.apache.maven.surefire.testng.TestNGExecutor.run(TestNGExecutor.java:282)
	at org.apache.maven.surefire.testng.TestNGXmlTestSuite.execute(TestNGXmlTestSuite.java:83)
	at org.apache.maven.surefire.testng.TestNGProvider.invoke(TestNGProvider.java:114)
	at org.apache.maven.surefire.booter.ForkedBooter.invokeProviderInSameClassLoader(ForkedBooter.java:286)
	at org.apache.maven.surefire.booter.ForkedBooter.runSuitesInProcess(ForkedBooter.java:240)
	at org.apache.maven.surefire.booter.ForkedBooter.main(ForkedBooter.java:121)
]]>
            </full-stacktrace>
          </exception> <!-- java.lang.NullPointerException -->
          <reporter-output>
          </reporter-output>
        </test-method> <!-- selectSize -->
        <test-method status="FAIL" signature="getResult(org.testng.ITestResult)[pri:0, instance:automaion.test.CanUserSelectPackVariation@59e84876]" name="getResult" is-config="true" duration-ms="0" started-at="2018-07-23T17:58:48Z" finished-at="2018-07-23T17:58:48Z">
          <params>
            <param index="0">
              <value>
                <![CDATA[[TestResult name=selectSize status=FAILURE method=CanUserSelectPackVariation.selectSize()[pri:0, instance:automaion.test.CanUserSelectPackVariation@59e84876] output={null}]]]>
              </value>
            </param>
          </params>
          <exception class="java.lang.NullPointerException">
            <full-stacktrace>
              <![CDATA[java.lang.NullPointerException
	at automaion.test.StartBrowserWithReport.getResult(StartBrowserWithReport.java:138)
	at sun.reflect.NativeMethodAccessorImpl.invoke0(Native Method)
	at sun.reflect.NativeMethodAccessorImpl.invoke(NativeMethodAccessorImpl.java:62)
	at sun.reflect.DelegatingMethodAccessorImpl.invoke(DelegatingMethodAccessorImpl.java:43)
	at java.lang.reflect.Method.invoke(Method.java:498)
	at org.testng.internal.MethodInvocationHelper.invokeMethod(MethodInvocationHelper.java:85)
	at org.testng.internal.Invoker.invokeConfigurationMethod(Invoker.java:510)
	at org.testng.internal.Invoker.invokeConfigurations(Invoker.java:211)
	at org.testng.internal.Invoker.invokeMethod(Invoker.java:703)
	at org.testng.internal.Invoker.invokeTestMethod(Invoker.java:816)
	at org.testng.internal.Invoker.invokeTestMethods(Invoker.java:1124)
	at org.testng.internal.TestMethodWorker.invokeTestMethods(TestMethodWorker.java:125)
	at org.testng.internal.TestMethodWorker.run(TestMethodWorker.java:108)
	at org.testng.TestRunner.privateRun(TestRunner.java:774)
	at org.testng.TestRunner.run(TestRunner.java:624)
	at org.testng.SuiteRunner.runTest(SuiteRunner.java:359)
	at org.testng.SuiteRunner.runSequentially(SuiteRunner.java:354)
	at org.testng.SuiteRunner.privateRun(SuiteRunner.java:312)
	at org.testng.SuiteRunner.run(SuiteRunner.java:261)
	at org.testng.SuiteRunnerWorker.runSuite(SuiteRunnerWorker.java:52)
	at org.testng.SuiteRunnerWorker.run(SuiteRunnerWorker.java:86)
	at org.testng.TestNG.runSuitesSequentially(TestNG.java:1215)
	at org.testng.TestNG.runSuitesLocally(TestNG.java:1140)
	at org.testng.TestNG.run(TestNG.java:1048)
	at org.apache.maven.surefire.testng.TestNGExecutor.run(TestNGExecutor.java:282)
	at org.apache.maven.surefire.testng.TestNGXmlTestSuite.execute(TestNGXmlTestSuite.java:83)
	at org.apache.maven.surefire.testng.TestNGProvider.invoke(TestNGProvider.java:114)
	at org.apache.maven.surefire.booter.ForkedBooter.invokeProviderInSameClassLoader(ForkedBooter.java:286)
	at org.apache.maven.surefire.booter.ForkedBooter.runSuitesInProcess(ForkedBooter.java:240)
	at org.apache.maven.surefire.booter.ForkedBooter.main(ForkedBooter.java:121)
]]>
            </full-stacktrace>
          </exception> <!-- java.lang.NullPointerException -->
          <reporter-output>
          </reporter-output>
        </test-method> <!-- getResult -->
        <test-method status="SKIP" signature="failTest()[pri:0, instance:automaion.test.CanUserSelectPackVariation@59e84876]" name="failTest" duration-ms="0" started-at="2018-07-23T17:58:48Z" finished-at="2018-07-23T17:58:48Z">
          <reporter-output>
          </reporter-output>
        </test-method> <!-- failTest -->
        <test-method status="SKIP" signature="getResult(org.testng.ITestResult)[pri:0, instance:automaion.test.CanUserSelectPackVariation@59e84876]" name="getResult" is-config="true" duration-ms="0" started-at="2018-07-23T17:58:48Z" finished-at="2018-07-23T17:58:48Z">
          <reporter-output>
          </reporter-output>
        </test-method> <!-- getResult -->
        <test-method status="SKIP" signature="passTest()[pri:0, instance:automaion.test.CanUserSelectPackVariation@59e84876]" name="passTest" duration-ms="0" started-at="2018-07-23T17:58:48Z" finished-at="2018-07-23T17:58:48Z">
          <reporter-output>
          </reporter-output>
        </test-method> <!-- passTest -->
        <test-method status="SKIP" signature="getResult(org.testng.ITestResult)[pri:0, instance:automaion.test.CanUserSelectPackVariation@59e84876]" name="getResult" is-config="true" duration-ms="0" started-at="2018-07-23T17:58:48Z" finished-at="2018-07-23T17:58:48Z">
          <reporter-output>
          </reporter-output>
        </test-method> <!-- getResult -->
        <test-method status="SKIP" signature="skipTest()[pri:0, instance:automaion.test.CanUserSelectPackVariation@59e84876]" name="skipTest" duration-ms="0" started-at="2018-07-23T17:58:48Z" finished-at="2018-07-23T17:58:48Z">
          <reporter-output>
          </reporter-output>
        </test-method> <!-- skipTest -->
        <test-method status="SKIP" signature="getResult(org.testng.ITestResult)[pri:0, instance:automaion.test.CanUserSelectPackVariation@59e84876]" name="getResult" is-config="true" duration-ms="0" started-at="2018-07-23T17:58:48Z" finished-at="2018-07-23T17:58:48Z">
          <reporter-output>
          </reporter-output>
        </test-method> <!-- getResult -->
        <test-method status="SKIP" signature="endReport()[pri:0, instance:automaion.test.CanUserSelectPackVariation@59e84876]" name="endReport" is-config="true" duration-ms="0" started-at="2018-07-23T17:58:48Z" finished-at="2018-07-23T17:58:48Z">
          <reporter-output>
          </reporter-output>
        </test-method> <!-- endReport -->
      </class> <!-- automaion.test.CanUserSelectPackVariation -->
    </test> <!-- Test1 -->
    <test name="Test2" duration-ms="5425" started-at="2018-07-23T21:58:48Z" finished-at="2018-07-23T21:58:54Z">
      <class name="automaion.test.CanUserSelectSizeFromDropDown">
        <test-method status="PASS" signature="setUp()[pri:0, instance:automaion.test.CanUserSelectSizeFromDropDown@48eff760]" name="setUp" is-config="true" duration-ms="3992" started-at="2018-07-23T17:58:44Z" finished-at="2018-07-23T17:58:48Z">
          <reporter-output>
          </reporter-output>
        </test-method> <!-- setUp -->
        <test-method status="PASS" signature="selectSize()[pri:0, instance:automaion.test.CanUserSelectSizeFromDropDown@48eff760]" name="selectSize" duration-ms="5159" started-at="2018-07-23T17:58:48Z" finished-at="2018-07-23T17:58:54Z">
          <reporter-output>
          </reporter-output>
        </test-method> <!-- selectSize -->
        <test-method status="FAIL" signature="failTest()[pri:0, instance:automaion.test.CanUserSelectSizeFromDropDown@48eff760]" name="failTest" duration-ms="3" started-at="2018-07-23T17:58:54Z" finished-at="2018-07-23T17:58:54Z">
          <exception class="java.lang.AssertionError">
            <message>
              <![CDATA[expected [true] but found [false]]]>
            </message>
            <full-stacktrace>
              <![CDATA[java.lang.AssertionError: expected [true] but found [false]
	at org.testng.Assert.fail(Assert.java:94)
	at org.testng.Assert.failNotEquals(Assert.java:496)
	at org.testng.Assert.assertTrue(Assert.java:42)
	at org.testng.Assert.assertTrue(Assert.java:52)
	at automaion.test.StartBrowserWithReport.failTest(StartBrowserWithReport.java:122)
	at sun.reflect.NativeMethodAccessorImpl.invoke0(Native Method)
	at sun.reflect.NativeMethodAccessorImpl.invoke(NativeMethodAccessorImpl.java:62)
	at sun.reflect.DelegatingMethodAccessorImpl.invoke(DelegatingMethodAccessorImpl.java:43)
	at java.lang.reflect.Method.invoke(Method.java:498)
	at org.testng.internal.MethodInvocationHelper.invokeMethod(MethodInvocationHelper.java:85)
	at org.testng.internal.Invoker.invokeMethod(Invoker.java:639)
	at org.testng.internal.Invoker.invokeTestMethod(Invoker.java:816)
	at org.testng.internal.Invoker.invokeTestMethods(Invoker.java:1124)
	at org.testng.internal.TestMethodWorker.invokeTestMethods(TestMethodWorker.java:125)
	at org.testng.internal.TestMethodWorker.run(TestMethodWorker.java:108)
	at org.testng.TestRunner.privateRun(TestRunner.java:774)
	at org.testng.TestRunner.run(TestRunner.java:624)
	at org.testng.SuiteRunner.runTest(SuiteRunner.java:359)
	at org.testng.SuiteRunner.runSequentially(SuiteRunner.java:354)
	at org.testng.SuiteRunner.privateRun(SuiteRunner.java:312)
	at org.testng.SuiteRunner.run(SuiteRunner.java:261)
	at org.testng.SuiteRunnerWorker.runSuite(SuiteRunnerWorker.java:52)
	at org.testng.SuiteRunnerWorker.run(SuiteRunnerWorker.java:86)
	at org.testng.TestNG.runSuitesSequentially(TestNG.java:1215)
	at org.testng.TestNG.runSuitesLocally(TestNG.java:1140)
	at org.testng.TestNG.run(TestNG.java:1048)
	at org.apache.maven.surefire.testng.TestNGExecutor.run(TestNGExecutor.java:282)
	at org.apache.maven.surefire.testng.TestNGXmlTestSuite.execute(TestNGXmlTestSuite.java:83)
	at org.apache.maven.surefire.testng.TestNGProvider.invoke(TestNGProvider.java:114)
	at org.apache.maven.surefire.booter.ForkedBooter.invokeProviderInSameClassLoader(ForkedBooter.java:286)
	at org.apache.maven.surefire.booter.ForkedBooter.runSuitesInProcess(ForkedBooter.java:240)
	at org.apache.maven.surefire.booter.ForkedBooter.main(ForkedBooter.java:121)
]]>
            </full-stacktrace>
          </exception> <!-- java.lang.AssertionError -->
          <reporter-output>
          </reporter-output>
        </test-method> <!-- failTest -->
        <test-method status="PASS" signature="getResult(org.testng.ITestResult)[pri:0, instance:automaion.test.CanUserSelectSizeFromDropDown@48eff760]" name="getResult" is-config="true" duration-ms="0" started-at="2018-07-23T17:58:54Z" finished-at="2018-07-23T17:58:54Z">
          <params>
            <param index="0">
              <value>
                <![CDATA[[TestResult name=selectSize status=SUCCESS method=CanUserSelectSizeFromDropDown.selectSize()[pri:0, instance:automaion.test.CanUserSelectSizeFromDropDown@48eff760] output={null}]]]>
              </value>
            </param>
          </params>
          <reporter-output>
          </reporter-output>
        </test-method> <!-- getResult -->
        <test-method status="PASS" signature="getResult(org.testng.ITestResult)[pri:0, instance:automaion.test.CanUserSelectSizeFromDropDown@48eff760]" name="getResult" is-config="true" duration-ms="5" started-at="2018-07-23T17:58:54Z" finished-at="2018-07-23T17:58:54Z">
          <params>
            <param index="0">
              <value>
                <![CDATA[[TestResult name=failTest status=FAILURE method=StartBrowserWithReport.failTest()[pri:0, instance:automaion.test.CanUserSelectSizeFromDropDown@48eff760] output={null}]]]>
              </value>
            </param>
          </params>
          <reporter-output>
          </reporter-output>
        </test-method> <!-- getResult -->
        <test-method status="PASS" signature="passTest()[pri:0, instance:automaion.test.CanUserSelectSizeFromDropDown@48eff760]" name="passTest" duration-ms="1" started-at="2018-07-23T17:58:54Z" finished-at="2018-07-23T17:58:54Z">
          <reporter-output>
          </reporter-output>
        </test-method> <!-- passTest -->
        <test-method status="SKIP" signature="skipTest()[pri:0, instance:automaion.test.CanUserSelectSizeFromDropDown@48eff760]" name="skipTest" duration-ms="0" started-at="2018-07-23T17:58:54Z" finished-at="2018-07-23T17:58:54Z">
          <exception class="org.testng.SkipException">
            <message>
              <![CDATA[Skipping - This is not ready for testing ]]>
            </message>
            <full-stacktrace>
              <![CDATA[org.testng.SkipException: Skipping - This is not ready for testing 
	at automaion.test.StartBrowserWithReport.skipTest(StartBrowserWithReport.java:130)
	at sun.reflect.NativeMethodAccessorImpl.invoke0(Native Method)
	at sun.reflect.NativeMethodAccessorImpl.invoke(NativeMethodAccessorImpl.java:62)
	at sun.reflect.DelegatingMethodAccessorImpl.invoke(DelegatingMethodAccessorImpl.java:43)
	at java.lang.reflect.Method.invoke(Method.java:498)
	at org.testng.internal.MethodInvocationHelper.invokeMethod(MethodInvocationHelper.java:85)
	at org.testng.internal.Invoker.invokeMethod(Invoker.java:639)
	at org.testng.internal.Invoker.invokeTestMethod(Invoker.java:816)
	at org.testng.internal.Invoker.invokeTestMethods(Invoker.java:1124)
	at org.testng.internal.TestMethodWorker.invokeTestMethods(TestMethodWorker.java:125)
	at org.testng.internal.TestMethodWorker.run(TestMethodWorker.java:108)
	at org.testng.TestRunner.privateRun(TestRunner.java:774)
	at org.testng.TestRunner.run(TestRunner.java:624)
	at org.testng.SuiteRunner.runTest(SuiteRunner.java:359)
	at org.testng.SuiteRunner.runSequentially(SuiteRunner.java:354)
	at org.testng.SuiteRunner.privateRun(SuiteRunner.java:312)
	at org.testng.SuiteRunner.run(SuiteRunner.java:261)
	at org.testng.SuiteRunnerWorker.runSuite(SuiteRunnerWorker.java:52)
	at org.testng.SuiteRunnerWorker.run(SuiteRunnerWorker.java:86)
	at org.testng.TestNG.runSuitesSequentially(TestNG.java:1215)
	at org.testng.TestNG.runSuitesLocally(TestNG.java:1140)
	at org.testng.TestNG.run(TestNG.java:1048)
	at org.apache.maven.surefire.testng.TestNGExecutor.run(TestNGExecutor.java:282)
	at org.apache.maven.surefire.testng.TestNGXmlTestSuite.execute(TestNGXmlTestSuite.java:83)
	at org.apache.maven.surefire.testng.TestNGProvider.invoke(TestNGProvider.java:114)
	at org.apache.maven.surefire.booter.ForkedBooter.invokeProviderInSameClassLoader(ForkedBooter.java:286)
	at org.apache.maven.surefire.booter.ForkedBooter.runSuitesInProcess(ForkedBooter.java:240)
	at org.apache.maven.surefire.booter.ForkedBooter.main(ForkedBooter.java:121)
]]>
            </full-stacktrace>
          </exception> <!-- org.testng.SkipException -->
          <reporter-output>
          </reporter-output>
        </test-method> <!-- skipTest -->
        <test-method status="PASS" signature="getResult(org.testng.ITestResult)[pri:0, instance:automaion.test.CanUserSelectSizeFromDropDown@48eff760]" name="getResult" is-config="true" duration-ms="0" started-at="2018-07-23T17:58:54Z" finished-at="2018-07-23T17:58:54Z">
          <params>
            <param index="0">
              <value>
                <![CDATA[[TestResult name=passTest status=SUCCESS method=StartBrowserWithReport.passTest()[pri:0, instance:automaion.test.CanUserSelectSizeFromDropDown@48eff760] output={null}]]]>
              </value>
            </param>
          </params>
          <reporter-output>
          </reporter-output>
        </test-method> <!-- getResult -->
        <test-method status="PASS" signature="getResult(org.testng.ITestResult)[pri:0, instance:automaion.test.CanUserSelectSizeFromDropDown@48eff760]" name="getResult" is-config="true" duration-ms="0" started-at="2018-07-23T17:58:54Z" finished-at="2018-07-23T17:58:54Z">
          <params>
            <param index="0">
              <value>
                <![CDATA[[TestResult name=skipTest status=SKIP method=StartBrowserWithReport.skipTest()[pri:0, instance:automaion.test.CanUserSelectSizeFromDropDown@48eff760] output={null}]]]>
              </value>
            </param>
          </params>
          <reporter-output>
          </reporter-output>
        </test-method> <!-- getResult -->
        <test-method status="PASS" signature="endReport()[pri:0, instance:automaion.test.CanUserSelectSizeFromDropDown@48eff760]" name="endReport" is-config="true" duration-ms="254" started-at="2018-07-23T17:58:54Z" finished-at="2018-07-23T17:58:54Z">
          <reporter-output>
          </reporter-output>
        </test-method> <!-- endReport -->
        <test-method status="PASS" signature="tearDown()[pri:0, instance:automaion.test.CanUserSelectSizeFromDropDown@48eff760]" name="tearDown" is-config="true" duration-ms="89" started-at="2018-07-23T17:58:54Z" finished-at="2018-07-23T17:58:54Z">
          <reporter-output>
          </reporter-output>
        </test-method> <!-- tearDown -->
      </class> <!-- automaion.test.CanUserSelectSizeFromDropDown -->
    </test> <!-- Test2 -->
  </suite> <!-- Suite -->
</testng-results>
