<?xml version="1.0" encoding="UTF-8"?>
<testng-results skipped="0" failed="2" total="5" passed="3">
  <reporter-output>
  </reporter-output>
  <suite name="Default suite" duration-ms="34102" started-at="2018-08-07T03:28:19Z" finished-at="2018-08-07T03:28:53Z">
    <groups>
    </groups>
    <test name="Default test" duration-ms="34102" started-at="2018-08-07T03:28:19Z" finished-at="2018-08-07T03:28:53Z">
      <class name="automaion.test.Question2">
        <test-method status="PASS" signature="startBrowserAndOpenURL()[pri:0, instance:automaion.test.Question2@617faa95]" name="startBrowserAndOpenURL" is-config="true" duration-ms="9479" started-at="2018-08-06T23:28:09Z" finished-at="2018-08-06T23:28:19Z">
          <reporter-output>
          </reporter-output>
        </test-method> <!-- startBrowserAndOpenURL -->
        <test-method status="FAIL" signature="validate1TitleName()[pri:1, instance:automaion.test.Question2@617faa95]" name="validate1TitleName" duration-ms="13" started-at="2018-08-06T23:28:19Z" finished-at="2018-08-06T23:28:19Z">
          <exception class="java.lang.AssertionError">
            <message>
              <![CDATA[expected [Weight Watchers: Weight Loss Program, Recipes & Help | WW America] but found [Weight Loss Program, Recipes & Help | Weight Watchers]]]>
            </message>
            <full-stacktrace>
              <![CDATA[java.lang.AssertionError: expected [Weight Watchers: Weight Loss Program, Recipes & Help | WW America] but found [Weight Loss Program, Recipes & Help | Weight Watchers]
	at org.testng.Assert.fail(Assert.java:94)
	at org.testng.Assert.failNotEquals(Assert.java:496)
	at org.testng.Assert.assertEquals(Assert.java:125)
	at org.testng.Assert.assertEquals(Assert.java:178)
	at org.testng.Assert.assertEquals(Assert.java:188)
	at automaion.test.Question2.validatePageTitle(Question2.java:60)
	at automaion.test.Question2.validate1TitleName(Question2.java:67)
	at sun.reflect.NativeMethodAccessorImpl.invoke0(Native Method)
	at sun.reflect.NativeMethodAccessorImpl.invoke(NativeMethodAccessorImpl.java:62)
	at sun.reflect.DelegatingMethodAccessorImpl.invoke(DelegatingMethodAccessorImpl.java:43)
	at java.lang.reflect.Method.invoke(Method.java:498)
	at org.testng.internal.MethodInvocationHelper.invokeMethod(MethodInvocationHelper.java:85)
	at org.testng.internal.Invoker.invokeMethod(Invoker.java:639)
	at org.testng.internal.Invoker.invokeTestMethod(Invoker.java:816)
	at org.testng.internal.Invoker.invokeTestMethods(Invoker.java:1124)
	at org.testng.internal.TestMethodWorker.invokeTestMethods(TestMethodWorker.java:125)
	at org.testng.internal.TestMethodWorker.run(TestMethodWorker.java:108)
	at org.testng.TestRunner.privateRun(TestRunner.java:774)
	at org.testng.TestRunner.run(TestRunner.java:624)
	at org.testng.SuiteRunner.runTest(SuiteRunner.java:359)
	at org.testng.SuiteRunner.runSequentially(SuiteRunner.java:354)
	at org.testng.SuiteRunner.privateRun(SuiteRunner.java:312)
	at org.testng.SuiteRunner.run(SuiteRunner.java:261)
	at org.testng.SuiteRunnerWorker.runSuite(SuiteRunnerWorker.java:52)
	at org.testng.SuiteRunnerWorker.run(SuiteRunnerWorker.java:86)
	at org.testng.TestNG.runSuitesSequentially(TestNG.java:1215)
	at org.testng.TestNG.runSuitesLocally(TestNG.java:1140)
	at org.testng.TestNG.run(TestNG.java:1048)
	at org.testng.remote.AbstractRemoteTestNG.run(AbstractRemoteTestNG.java:114)
	at org.testng.remote.RemoteTestNG.initAndRun(RemoteTestNG.java:251)
	at org.testng.remote.RemoteTestNG.main(RemoteTestNG.java:77)
]]>
            </full-stacktrace>
          </exception> <!-- java.lang.AssertionError -->
          <reporter-output>
          </reporter-output>
        </test-method> <!-- validate1TitleName -->
        <test-method status="FAIL" signature="CanUserClickOnFindMeeting()[pri:2, instance:automaion.test.Question2@617faa95]" name="CanUserClickOnFindMeeting" duration-ms="10054" started-at="2018-08-06T23:28:19Z" finished-at="2018-08-06T23:28:29Z">
          <exception class="java.lang.AssertionError">
            <message>
              <![CDATA[expected [Find A Meeting: Get Schedules & Times Near You | Weight Watchers] but found [Get Schedules & Times Near You]]]>
            </message>
            <full-stacktrace>
              <![CDATA[java.lang.AssertionError: expected [Find A Meeting: Get Schedules & Times Near You | Weight Watchers] but found [Get Schedules & Times Near You]
	at org.testng.Assert.fail(Assert.java:94)
	at org.testng.Assert.failNotEquals(Assert.java:496)
	at org.testng.Assert.assertEquals(Assert.java:125)
	at org.testng.Assert.assertEquals(Assert.java:178)
	at org.testng.Assert.assertEquals(Assert.java:188)
	at automaion.test.Question2.validatePageTitle(Question2.java:60)
	at automaion.test.Question2.CanUserClickOnFindMeeting(Question2.java:77)
	at sun.reflect.NativeMethodAccessorImpl.invoke0(Native Method)
	at sun.reflect.NativeMethodAccessorImpl.invoke(NativeMethodAccessorImpl.java:62)
	at sun.reflect.DelegatingMethodAccessorImpl.invoke(DelegatingMethodAccessorImpl.java:43)
	at java.lang.reflect.Method.invoke(Method.java:498)
	at org.testng.internal.MethodInvocationHelper.invokeMethod(MethodInvocationHelper.java:85)
	at org.testng.internal.Invoker.invokeMethod(Invoker.java:639)
	at org.testng.internal.Invoker.invokeTestMethod(Invoker.java:816)
	at org.testng.internal.Invoker.invokeTestMethods(Invoker.java:1124)
	at org.testng.internal.TestMethodWorker.invokeTestMethods(TestMethodWorker.java:125)
	at org.testng.internal.TestMethodWorker.run(TestMethodWorker.java:108)
	at org.testng.TestRunner.privateRun(TestRunner.java:774)
	at org.testng.TestRunner.run(TestRunner.java:624)
	at org.testng.SuiteRunner.runTest(SuiteRunner.java:359)
	at org.testng.SuiteRunner.runSequentially(SuiteRunner.java:354)
	at org.testng.SuiteRunner.privateRun(SuiteRunner.java:312)
	at org.testng.SuiteRunner.run(SuiteRunner.java:261)
	at org.testng.SuiteRunnerWorker.runSuite(SuiteRunnerWorker.java:52)
	at org.testng.SuiteRunnerWorker.run(SuiteRunnerWorker.java:86)
	at org.testng.TestNG.runSuitesSequentially(TestNG.java:1215)
	at org.testng.TestNG.runSuitesLocally(TestNG.java:1140)
	at org.testng.TestNG.run(TestNG.java:1048)
	at org.testng.remote.AbstractRemoteTestNG.run(AbstractRemoteTestNG.java:114)
	at org.testng.remote.RemoteTestNG.initAndRun(RemoteTestNG.java:251)
	at org.testng.remote.RemoteTestNG.main(RemoteTestNG.java:77)
]]>
            </full-stacktrace>
          </exception> <!-- java.lang.AssertionError -->
          <reporter-output>
          </reporter-output>
        </test-method> <!-- CanUserClickOnFindMeeting -->
        <test-method status="PASS" signature="CanAUserPerformSearch()[pri:3, instance:automaion.test.Question2@617faa95]" name="CanAUserPerformSearch" duration-ms="10470" started-at="2018-08-06T23:28:29Z" finished-at="2018-08-06T23:28:39Z">
          <reporter-output>
          </reporter-output>
        </test-method> <!-- CanAUserPerformSearch -->
        <test-method status="PASS" signature="CanUSerPrintFirstLocationNameAndDistanceFromZipCode()[pri:4, instance:automaion.test.Question2@617faa95]" name="CanUSerPrintFirstLocationNameAndDistanceFromZipCode" duration-ms="9344" started-at="2018-08-06T23:28:39Z" finished-at="2018-08-06T23:28:49Z">
          <reporter-output>
          </reporter-output>
        </test-method> <!-- CanUSerPrintFirstLocationNameAndDistanceFromZipCode -->
        <test-method status="PASS" signature="CanUserfindOutHoursOfOperation()[pri:5, instance:automaion.test.Question2@617faa95]" name="CanUserfindOutHoursOfOperation" duration-ms="4200" started-at="2018-08-06T23:28:49Z" finished-at="2018-08-06T23:28:53Z">
          <reporter-output>
          </reporter-output>
        </test-method> <!-- CanUserfindOutHoursOfOperation -->
        <test-method status="PASS" signature="stopScript()[pri:0, instance:automaion.test.Question2@617faa95]" name="stopScript" is-config="true" duration-ms="108" started-at="2018-08-06T23:28:53Z" finished-at="2018-08-06T23:28:53Z">
          <reporter-output>
          </reporter-output>
        </test-method> <!-- stopScript -->
      </class> <!-- automaion.test.Question2 -->
    </test> <!-- Default test -->
  </suite> <!-- Default suite -->
</testng-results>
